2019-11-10 12:07:06.894 [restartedMain] [StartupInfoLogger.java:50] INFO  com.example.springweb.SpringWebApplication - Starting SpringWebApplication on DESKTOP-HFR7PL6 with PID 3180 (C:\Users\Wdy-Admin\Desktop\lab3\spring-web\target\classes started by Wdy in C:\Users\Wdy-Admin\Desktop\lab3\spring-web) 
2019-11-10 12:07:06.914 [restartedMain] [SpringApplication.java:647] INFO  com.example.springweb.SpringWebApplication - No active profile set, falling back to default profiles: default 
2019-11-10 12:07:07.024 [restartedMain] [DeferredLog.java:225] INFO  org.springframework.boot.devtools.env.DevToolsPropertyDefaultsPostProcessor - Devtools property defaults active! Set 'spring.devtools.add-properties' to 'false' to disable 
2019-11-10 12:07:07.024 [restartedMain] [DeferredLog.java:225] INFO  org.springframework.boot.devtools.env.DevToolsPropertyDefaultsPostProcessor - For additional web related logging consider setting the 'logging.level.web' property to 'DEBUG' 
2019-11-10 12:07:08.414 [restartedMain] [TomcatWebServer.java:90] INFO  org.springframework.boot.web.embedded.tomcat.TomcatWebServer - Tomcat initialized with port(s): 8080 (http) 
2019-11-10 12:07:08.434 [restartedMain] [DirectJDKLog.java:173] INFO  org.apache.coyote.http11.Http11NioProtocol - Initializing ProtocolHandler ["http-nio-8080"] 
2019-11-10 12:07:08.444 [restartedMain] [DirectJDKLog.java:173] INFO  org.apache.catalina.core.StandardService - Starting service [Tomcat] 
2019-11-10 12:07:08.444 [restartedMain] [DirectJDKLog.java:173] INFO  org.apache.catalina.core.StandardEngine - Starting Servlet engine: [Apache Tomcat/9.0.22] 
2019-11-10 12:07:08.554 [restartedMain] [DirectJDKLog.java:173] INFO  org.apache.catalina.core.ContainerBase.[Tomcat].[localhost].[/] - Initializing Spring embedded WebApplicationContext 
2019-11-10 12:07:08.554 [restartedMain] [ServletWebServerApplicationContext.java:284] INFO  org.springframework.web.context.ContextLoader - Root WebApplicationContext: initialization completed in 1530 ms 
2019-11-10 12:07:08.984 [restartedMain] [ExecutorConfigurationSupport.java:171] INFO  org.springframework.scheduling.concurrent.ThreadPoolTaskExecutor - Initializing ExecutorService 'applicationTaskExecutor' 
2019-11-10 12:07:09.034 [restartedMain] [WelcomePageHandlerMapping.java:58] INFO  org.springframework.boot.autoconfigure.web.servlet.WelcomePageHandlerMapping - Adding welcome page template: index 
2019-11-10 12:07:09.204 [restartedMain] [OptionalLiveReloadServer.java:57] INFO  org.springframework.boot.devtools.autoconfigure.OptionalLiveReloadServer - LiveReload server is running on port 35729 
2019-11-10 12:07:09.234 [restartedMain] [DirectJDKLog.java:173] INFO  org.apache.coyote.http11.Http11NioProtocol - Starting ProtocolHandler ["http-nio-8080"] 
2019-11-10 12:07:09.254 [restartedMain] [TomcatWebServer.java:202] INFO  org.springframework.boot.web.embedded.tomcat.TomcatWebServer - Tomcat started on port(s): 8080 (http) with context path '' 
2019-11-10 12:07:09.254 [restartedMain] [StartupInfoLogger.java:59] INFO  com.example.springweb.SpringWebApplication - Started SpringWebApplication in 2.74 seconds (JVM running for 5.051) 
2019-11-10 12:07:34.636 [http-nio-8080-exec-1] [DirectJDKLog.java:173] INFO  org.apache.catalina.core.ContainerBase.[Tomcat].[localhost].[/] - Initializing Spring DispatcherServlet 'dispatcherServlet' 
2019-11-10 12:07:34.636 [http-nio-8080-exec-1] [FrameworkServlet.java:524] INFO  org.springframework.web.servlet.DispatcherServlet - Initializing Servlet 'dispatcherServlet' 
2019-11-10 12:07:34.644 [http-nio-8080-exec-1] [FrameworkServlet.java:546] INFO  org.springframework.web.servlet.DispatcherServlet - Completed initialization in 8 ms 
2019-11-10 12:07:37.054 [http-nio-8080-exec-5] [HelloController.java:35] INFO  com.example.springweb.controller.HelloController - login  your id and password is :161220135 123 
2019-11-10 12:07:37.081 [http-nio-8080-exec-5] [HikariDataSource.java:110] INFO  com.zaxxer.hikari.HikariDataSource - HikariPool-1 - Starting... 
2019-11-10 12:07:37.243 [http-nio-8080-exec-5] [HikariDataSource.java:123] INFO  com.zaxxer.hikari.HikariDataSource - HikariPool-1 - Start completed. 
2019-11-10 12:07:45.045 [http-nio-8080-exec-7] [HelloController.java:35] INFO  com.example.springweb.controller.HelloController - login  your id and password is :161220135 123456 
2019-11-10 12:07:45.049 [http-nio-8080-exec-7] [HelloController.java:41] INFO  com.example.springweb.controller.HelloController - you've logged!! 
2019-11-10 12:07:45.084 [http-nio-8080-exec-8] [HelloController.java:89] INFO  com.example.springweb.controller.HelloController - 欢迎进入个人界面 
2019-11-10 12:07:50.750 [http-nio-8080-exec-10] [HelloController.java:98] INFO  com.example.springweb.controller.HelloController - modify user info!!!!! 
2019-11-10 12:07:52.715 [http-nio-8080-exec-2] [HelloController.java:89] INFO  com.example.springweb.controller.HelloController - 欢迎进入个人界面 
2019-11-10 12:07:55.757 [http-nio-8080-exec-7] [HelloController.java:89] INFO  com.example.springweb.controller.HelloController - 欢迎进入个人界面 
2019-11-10 12:07:56.671 [http-nio-8080-exec-10] [HelloController.java:89] INFO  com.example.springweb.controller.HelloController - 欢迎进入个人界面 
2019-11-10 12:07:57.673 [http-nio-8080-exec-3] [HelloController.java:89] INFO  com.example.springweb.controller.HelloController - 欢迎进入个人界面 
